<?xml version="1.0" encoding="UTF-8"?>
<!-- Generated by org.testng.reporters.JUnitXMLReporter -->
<testsuite hostname="ajay-PC" name="Default test" tests="1" failures="0" timestamp="3 Aug 2016 06:43:39 GMT" time="50.472" errors="0">
  <testcase name="@BeforeTest setUp" time="0.0" classname="expertsolutions.TestCase9">
    <failure type="org.openqa.selenium.WebDriverException" message="Failed to connect to binary FirefoxBinary(C:\Program Files (x86)\Mozilla Firefox\firefox.exe) on port 7055; process output follows: 
859	addons.xpi	DEBUG	Updating database with changes to installed add-ons
1470206575859	addons.xpi-utils	DEBUG	Updating add-on states
1470206575860	addons.xpi-utils	DEBUG	Writing add-ons list
1470206575866	addons.xpi	DEBUG	Registering manifest for C:\Program Files (x86)\Mozilla Firefox\browser\features\e10srollout@mozilla.org.xpi
1470206575866	addons.xpi	DEBUG	Calling bootstrap method startup on e10srollout@mozilla.org version 1.0
1470206575867	addons.xpi	DEBUG	Registering manifest for C:\Program Files (x86)\Mozilla Firefox\browser\features\firefox@getpocket.com.xpi
1470206575867	addons.xpi	DEBUG	Calling bootstrap method startup on firefox@getpocket.com version 1.0.2
1470206575869	addons.xpi	DEBUG	Registering manifest for C:\Program Files (x86)\Mozilla Firefox\browser\features\loop@mozilla.org.xpi
1470206575871	addons.xpi	DEBUG	Calling bootstrap method startup on loop@mozilla.org version 1.3.2
1470206575893	addons.manager	DEBUG	Registering shutdown blocker for XPIProvider
1470206575893	addons.manager	DEBUG	Provider finished startup: XPIProvider
1470206575893	addons.manager	DEBUG	Starting provider: LightweightThemeManager
1470206575893	addons.manager	DEBUG	Registering shutdown blocker for LightweightThemeManager
1470206575894	addons.manager	DEBUG	Provider finished startup: LightweightThemeManager
1470206575894	addons.manager	DEBUG	Starting provider: GMPProvider
1470206575902	addons.manager	DEBUG	Registering shutdown blocker for GMPProvider
1470206575902	addons.manager	DEBUG	Provider finished startup: GMPProvider
1470206575902	addons.manager	DEBUG	Starting provider: PluginProvider
1470206575903	addons.manager	DEBUG	Registering shutdown blocker for PluginProvider
1470206575904	addons.manager	DEBUG	Provider finished startup: PluginProvider
1470206575905	addons.manager	DEBUG	Completed startup sequence
1470206577854	addons.manager	DEBUG	Starting provider: &amp;lt;unnamed-provider&amp;gt;
1470206577854	addons.manager	DEBUG	Registering shutdown blocker for &amp;lt;unnamed-provider&amp;gt;
1470206577855	addons.manager	DEBUG	Provider finished startup: &amp;lt;unnamed-provider&amp;gt;
1470206578489	DeferredSave.extensions.json	DEBUG	Write succeeded
1470206578489	addons.xpi-utils	DEBUG	XPI Database saved, setting schema version preference to 17
1470206578489	DeferredSave.extensions.json	DEBUG	Starting timer
1470206578508	addons.repository	DEBUG	No addons.json found.
1470206578509	DeferredSave.addons.json	DEBUG	Save changes
1470206578511	DeferredSave.addons.json	DEBUG	Starting timer
1470206580001	addons.manager	DEBUG	Starting provider: PreviousExperimentProvider
1470206580001	addons.manager	DEBUG	Registering shutdown blocker for PreviousExperimentProvider
1470206580001	addons.manager	DEBUG	Provider finished startup: PreviousExperimentProvider
1470206580004	DeferredSave.extensions.json	DEBUG	Starting write
1470206580006	DeferredSave.addons.json	DEBUG	Starting write
1470206580079	DeferredSave.extensions.json	DEBUG	Write succeeded
1470206580139	DeferredSave.addons.json	DEBUG	Write succeeded
1470206605304	addons.xpi	DEBUG	Calling bootstrap method shutdown on e10srollout@mozilla.org version 1.0
1470206605304	addons.xpi	DEBUG	Calling bootstrap method shutdown on firefox@getpocket.com version 1.0.2
1470206605305	addons.xpi	DEBUG	Calling bootstrap method shutdown on loop@mozilla.org version 1.3.2
1470206605538	addons.manager	DEBUG	shutdown
1470206605538	addons.manager	DEBUG	Calling shutdown blocker for XPIProvider
1470206605538	addons.xpi	DEBUG	shutdown
1470206605539	addons.xpi-utils	DEBUG	shutdown
1470206605539	addons.manager	DEBUG	Calling shutdown blocker for LightweightThemeManager
1470206605540	addons.manager	DEBUG	Calling shutdown blocker for GMPProvider
1470206605542	addons.manager	DEBUG	Calling shutdown blocker for PluginProvider
1470206605542	addons.manager	DEBUG	Calling shutdown blocker for &amp;lt;unnamed-provider&amp;gt;
1470206605544	addons.manager	DEBUG	Calling shutdown blocker for PreviousExperimentProvider
1470206605546	addons.xpi	DEBUG	Notifying XPI shutdown observers
1470206605551	addons.manager	DEBUG	Async provider shutdown done

Build info: version: &amp;apos;2.46.0&amp;apos;, revision: &amp;apos;87c69e2&amp;apos;, time: &amp;apos;2015-06-04 16:17:10&amp;apos;
System info: host: &amp;apos;ajay-PC&amp;apos;, ip: &amp;apos;192.168.56.1&amp;apos;, os.name: &amp;apos;Windows 8.1&amp;apos;, os.arch: &amp;apos;amd64&amp;apos;, os.version: &amp;apos;6.3&amp;apos;, java.version: &amp;apos;1.8.0_40&amp;apos;
Driver info: driver.version: FirefoxDriver">
      <![CDATA[org.openqa.selenium.WebDriverException: Failed to connect to binary FirefoxBinary(C:\Program Files (x86)\Mozilla Firefox\firefox.exe) on port 7055; process output follows: 
859	addons.xpi	DEBUG	Updating database with changes to installed add-ons
1470206575859	addons.xpi-utils	DEBUG	Updating add-on states
1470206575860	addons.xpi-utils	DEBUG	Writing add-ons list
1470206575866	addons.xpi	DEBUG	Registering manifest for C:\Program Files (x86)\Mozilla Firefox\browser\features\e10srollout@mozilla.org.xpi
1470206575866	addons.xpi	DEBUG	Calling bootstrap method startup on e10srollout@mozilla.org version 1.0
1470206575867	addons.xpi	DEBUG	Registering manifest for C:\Program Files (x86)\Mozilla Firefox\browser\features\firefox@getpocket.com.xpi
1470206575867	addons.xpi	DEBUG	Calling bootstrap method startup on firefox@getpocket.com version 1.0.2
1470206575869	addons.xpi	DEBUG	Registering manifest for C:\Program Files (x86)\Mozilla Firefox\browser\features\loop@mozilla.org.xpi
1470206575871	addons.xpi	DEBUG	Calling bootstrap method startup on loop@mozilla.org version 1.3.2
1470206575893	addons.manager	DEBUG	Registering shutdown blocker for XPIProvider
1470206575893	addons.manager	DEBUG	Provider finished startup: XPIProvider
1470206575893	addons.manager	DEBUG	Starting provider: LightweightThemeManager
1470206575893	addons.manager	DEBUG	Registering shutdown blocker for LightweightThemeManager
1470206575894	addons.manager	DEBUG	Provider finished startup: LightweightThemeManager
1470206575894	addons.manager	DEBUG	Starting provider: GMPProvider
1470206575902	addons.manager	DEBUG	Registering shutdown blocker for GMPProvider
1470206575902	addons.manager	DEBUG	Provider finished startup: GMPProvider
1470206575902	addons.manager	DEBUG	Starting provider: PluginProvider
1470206575903	addons.manager	DEBUG	Registering shutdown blocker for PluginProvider
1470206575904	addons.manager	DEBUG	Provider finished startup: PluginProvider
1470206575905	addons.manager	DEBUG	Completed startup sequence
1470206577854	addons.manager	DEBUG	Starting provider: <unnamed-provider>
1470206577854	addons.manager	DEBUG	Registering shutdown blocker for <unnamed-provider>
1470206577855	addons.manager	DEBUG	Provider finished startup: <unnamed-provider>
1470206578489	DeferredSave.extensions.json	DEBUG	Write succeeded
1470206578489	addons.xpi-utils	DEBUG	XPI Database saved, setting schema version preference to 17
1470206578489	DeferredSave.extensions.json	DEBUG	Starting timer
1470206578508	addons.repository	DEBUG	No addons.json found.
1470206578509	DeferredSave.addons.json	DEBUG	Save changes
1470206578511	DeferredSave.addons.json	DEBUG	Starting timer
1470206580001	addons.manager	DEBUG	Starting provider: PreviousExperimentProvider
1470206580001	addons.manager	DEBUG	Registering shutdown blocker for PreviousExperimentProvider
1470206580001	addons.manager	DEBUG	Provider finished startup: PreviousExperimentProvider
1470206580004	DeferredSave.extensions.json	DEBUG	Starting write
1470206580006	DeferredSave.addons.json	DEBUG	Starting write
1470206580079	DeferredSave.extensions.json	DEBUG	Write succeeded
1470206580139	DeferredSave.addons.json	DEBUG	Write succeeded
1470206605304	addons.xpi	DEBUG	Calling bootstrap method shutdown on e10srollout@mozilla.org version 1.0
1470206605304	addons.xpi	DEBUG	Calling bootstrap method shutdown on firefox@getpocket.com version 1.0.2
1470206605305	addons.xpi	DEBUG	Calling bootstrap method shutdown on loop@mozilla.org version 1.3.2
1470206605538	addons.manager	DEBUG	shutdown
1470206605538	addons.manager	DEBUG	Calling shutdown blocker for XPIProvider
1470206605538	addons.xpi	DEBUG	shutdown
1470206605539	addons.xpi-utils	DEBUG	shutdown
1470206605539	addons.manager	DEBUG	Calling shutdown blocker for LightweightThemeManager
1470206605540	addons.manager	DEBUG	Calling shutdown blocker for GMPProvider
1470206605542	addons.manager	DEBUG	Calling shutdown blocker for PluginProvider
1470206605542	addons.manager	DEBUG	Calling shutdown blocker for <unnamed-provider>
1470206605544	addons.manager	DEBUG	Calling shutdown blocker for PreviousExperimentProvider
1470206605546	addons.xpi	DEBUG	Notifying XPI shutdown observers
1470206605551	addons.manager	DEBUG	Async provider shutdown done

Build info: version: '2.46.0', revision: '87c69e2', time: '2015-06-04 16:17:10'
System info: host: 'ajay-PC', ip: '192.168.56.1', os.name: 'Windows 8.1', os.arch: 'amd64', os.version: '6.3', java.version: '1.8.0_40'
Driver info: driver.version: FirefoxDriver
	at org.openqa.selenium.firefox.internal.NewProfileExtensionConnection.start(NewProfileExtensionConnection.java:132)
	at org.openqa.selenium.firefox.FirefoxDriver.startClient(FirefoxDriver.java:275)
	at org.openqa.selenium.remote.RemoteWebDriver.<init>(RemoteWebDriver.java:116)
	at org.openqa.selenium.firefox.FirefoxDriver.<init>(FirefoxDriver.java:222)
	at org.openqa.selenium.firefox.FirefoxDriver.<init>(FirefoxDriver.java:215)
	at org.openqa.selenium.firefox.FirefoxDriver.<init>(FirefoxDriver.java:211)
	at org.openqa.selenium.firefox.FirefoxDriver.<init>(FirefoxDriver.java:124)
	at expertsolutions.TestCase9.setUp(TestCase9.java:39)
	at sun.reflect.NativeMethodAccessorImpl.invoke0(Native Method)
	at sun.reflect.NativeMethodAccessorImpl.invoke(Unknown Source)
	at sun.reflect.DelegatingMethodAccessorImpl.invoke(Unknown Source)
	at java.lang.reflect.Method.invoke(Unknown Source)
	at org.testng.internal.MethodInvocationHelper.invokeMethod(MethodInvocationHelper.java:84)
	at org.testng.internal.Invoker.invokeConfigurationMethod(Invoker.java:564)
	at org.testng.internal.Invoker.invokeConfigurations(Invoker.java:213)
	at org.testng.internal.Invoker.invokeConfigurations(Invoker.java:138)
	at org.testng.TestRunner.beforeRun(TestRunner.java:641)
	at org.testng.TestRunner.run(TestRunner.java:609)
	at org.testng.SuiteRunner.runTest(SuiteRunner.java:334)
	at org.testng.SuiteRunner.runSequentially(SuiteRunner.java:329)
	at org.testng.SuiteRunner.privateRun(SuiteRunner.java:291)
	at org.testng.SuiteRunner.run(SuiteRunner.java:240)
	at org.testng.SuiteRunnerWorker.runSuite(SuiteRunnerWorker.java:52)
	at org.testng.SuiteRunnerWorker.run(SuiteRunnerWorker.java:86)
	at org.testng.TestNG.runSuitesSequentially(TestNG.java:1224)
	at org.testng.TestNG.runSuitesLocally(TestNG.java:1149)
	at org.testng.TestNG.run(TestNG.java:1057)
	at org.testng.remote.AbstractRemoteTestNG.run(AbstractRemoteTestNG.java:126)
	at org.testng.remote.RemoteTestNG.initAndRun(RemoteTestNG.java:137)
	at org.testng.remote.RemoteTestNG.main(RemoteTestNG.java:58)
Caused by: org.openqa.selenium.firefox.NotConnectedException: Unable to connect to host 127.0.0.1 on port 7055 after 45000 ms. Firefox console output:
859	addons.xpi	DEBUG	Updating database with changes to installed add-ons
1470206575859	addons.xpi-utils	DEBUG	Updating add-on states
1470206575860	addons.xpi-utils	DEBUG	Writing add-ons list
1470206575866	addons.xpi	DEBUG	Registering manifest for C:\Program Files (x86)\Mozilla Firefox\browser\features\e10srollout@mozilla.org.xpi
1470206575866	addons.xpi	DEBUG	Calling bootstrap method startup on e10srollout@mozilla.org version 1.0
1470206575867	addons.xpi	DEBUG	Registering manifest for C:\Program Files (x86)\Mozilla Firefox\browser\features\firefox@getpocket.com.xpi
1470206575867	addons.xpi	DEBUG	Calling bootstrap method startup on firefox@getpocket.com version 1.0.2
1470206575869	addons.xpi	DEBUG	Registering manifest for C:\Program Files (x86)\Mozilla Firefox\browser\features\loop@mozilla.org.xpi
1470206575871	addons.xpi	DEBUG	Calling bootstrap method startup on loop@mozilla.org version 1.3.2
1470206575893	addons.manager	DEBUG	Registering shutdown blocker for XPIProvider
1470206575893	addons.manager	DEBUG	Provider finished startup: XPIProvider
1470206575893	addons.manager	DEBUG	Starting provider: LightweightThemeManager
1470206575893	addons.manager	DEBUG	Registering shutdown blocker for LightweightThemeManager
1470206575894	addons.manager	DEBUG	Provider finished startup: LightweightThemeManager
1470206575894	addons.manager	DEBUG	Starting provider: GMPProvider
1470206575902	addons.manager	DEBUG	Registering shutdown blocker for GMPProvider
1470206575902	addons.manager	DEBUG	Provider finished startup: GMPProvider
1470206575902	addons.manager	DEBUG	Starting provider: PluginProvider
1470206575903	addons.manager	DEBUG	Registering shutdown blocker for PluginProvider
1470206575904	addons.manager	DEBUG	Provider finished startup: PluginProvider
1470206575905	addons.manager	DEBUG	Completed startup sequence
1470206577854	addons.manager	DEBUG	Starting provider: <unnamed-provider>
1470206577854	addons.manager	DEBUG	Registering shutdown blocker for <unnamed-provider>
1470206577855	addons.manager	DEBUG	Provider finished startup: <unnamed-provider>
1470206578489	DeferredSave.extensions.json	DEBUG	Write succeeded
1470206578489	addons.xpi-utils	DEBUG	XPI Database saved, setting schema version preference to 17
1470206578489	DeferredSave.extensions.json	DEBUG	Starting timer
1470206578508	addons.repository	DEBUG	No addons.json found.
1470206578509	DeferredSave.addons.json	DEBUG	Save changes
1470206578511	DeferredSave.addons.json	DEBUG	Starting timer
1470206580001	addons.manager	DEBUG	Starting provider: PreviousExperimentProvider
1470206580001	addons.manager	DEBUG	Registering shutdown blocker for PreviousExperimentProvider
1470206580001	addons.manager	DEBUG	Provider finished startup: PreviousExperimentProvider
1470206580004	DeferredSave.extensions.json	DEBUG	Starting write
1470206580006	DeferredSave.addons.json	DEBUG	Starting write
1470206580079	DeferredSave.extensions.json	DEBUG	Write succeeded
1470206580139	DeferredSave.addons.json	DEBUG	Write succeeded
1470206605304	addons.xpi	DEBUG	Calling bootstrap method shutdown on e10srollout@mozilla.org version 1.0
1470206605304	addons.xpi	DEBUG	Calling bootstrap method shutdown on firefox@getpocket.com version 1.0.2
1470206605305	addons.xpi	DEBUG	Calling bootstrap method shutdown on loop@mozilla.org version 1.3.2
1470206605538	addons.manager	DEBUG	shutdown
1470206605538	addons.manager	DEBUG	Calling shutdown blocker for XPIProvider
1470206605538	addons.xpi	DEBUG	shutdown
1470206605539	addons.xpi-utils	DEBUG	shutdown
1470206605539	addons.manager	DEBUG	Calling shutdown blocker for LightweightThemeManager
1470206605540	addons.manager	DEBUG	Calling shutdown blocker for GMPProvider
1470206605542	addons.manager	DEBUG	Calling shutdown blocker for PluginProvider
1470206605542	addons.manager	DEBUG	Calling shutdown blocker for <unnamed-provider>
1470206605544	addons.manager	DEBUG	Calling shutdown blocker for PreviousExperimentProvider
1470206605546	addons.xpi	DEBUG	Notifying XPI shutdown observers
1470206605551	addons.manager	DEBUG	Async provider shutdown done

	at org.openqa.selenium.firefox.internal.NewProfileExtensionConnection.start(NewProfileExtensionConnection.java:120)
	... 29 more
]]>
    </failure>
  </testcase> <!-- @BeforeTest setUp -->
  <testcase name="@AfterTest tearDown" time="0.0" classname="expertsolutions.TestCase9">
    <skipped/>
  </testcase> <!-- @AfterTest tearDown -->
  <testcase name="testTestCase9" time="0.003" classname="expertsolutions.TestCase9">
    <skipped/>
  </testcase> <!-- testTestCase9 -->
</testsuite> <!-- Default test -->
